<?xml version="1.0" encoding="UTF-8"?>
<robot generator="Robot 3.0.4 (Python 3.6.5 on win32)" generated="20181119 17:15:48.765">
<suite id="s1" name="Valid Login" source="C:\Automation\WebDemo\login_tests\valid_login.robot">
<test id="s1-t1" name="Valid Login">
<kw name="Open Browser To Login Page" library="resource">
<kw name="Open Browser" library="Selenium2Library">
<doc>Opens a new browser instance to the given ``url``.</doc>
<arguments>
<arg>${LOGIN URL}</arg>
<arg>${BROWSER}</arg>
</arguments>
<msg timestamp="20181119 17:15:50.491" level="INFO">Opening browser 'Firefox' to base url 'http://desjardinsplateformebourses.cri-staging.ca/'.</msg>
<kw name="Capture Page Screenshot" library="Selenium2Library">
<doc>Takes screenshot of the current page and embeds it into log file.</doc>
<msg timestamp="20181119 17:17:05.990" level="INFO">Cannot capture screenshot because no browser is open.</msg>
<status status="PASS" starttime="20181119 17:17:05.990" endtime="20181119 17:17:05.991"></status>
</kw>
<msg timestamp="20181119 17:17:06.039" level="FAIL">WebDriverException: Message: newSession
</msg>
<status status="FAIL" starttime="20181119 17:15:50.490" endtime="20181119 17:17:06.039"></status>
</kw>
<status status="FAIL" starttime="20181119 17:15:50.490" endtime="20181119 17:17:06.039"></status>
</kw>
<kw name="Close Browser" library="Selenium2Library" type="teardown">
<doc>Closes the current browser.</doc>
<status status="PASS" starttime="20181119 17:17:06.040" endtime="20181119 17:17:06.041"></status>
</kw>
<status status="FAIL" starttime="20181119 17:15:50.489" endtime="20181119 17:17:06.041" critical="yes">WebDriverException: Message: newSession
</status>
</test>
<doc>A test suite with a single test for valid login.

This test has a workflow that is created using keywords in
the imported resource file.</doc>
<status status="FAIL" starttime="20181119 17:15:48.779" endtime="20181119 17:17:06.043"></status>
</suite>
<statistics>
<total>
<stat pass="0" fail="1">Critical Tests</stat>
<stat pass="0" fail="1">All Tests</stat>
</total>
<tag>
</tag>
<suite>
<stat pass="0" fail="1" id="s1" name="Valid Login">Valid Login</stat>
</suite>
</statistics>
<errors>
</errors>
</robot>
